Determining if the pthread_create exist failed with the following output:
Change Dir: /home/offworld/Desktop/SFND_Lidar_Obstacle_Detection/src/quiz/ransac/build/CMakeFiles/CMakeTmp

Run Build Command:"/usr/bin/make" "cmTC_415ed/fast"
/usr/bin/make -f CMakeFiles/cmTC_415ed.dir/build.make CMakeFiles/cmTC_415ed.dir/build
make[1]: Entering directory '/home/offworld/Desktop/SFND_Lidar_Obstacle_Detection/src/quiz/ransac/build/CMakeFiles/CMakeTmp'
Building C object CMakeFiles/cmTC_415ed.dir/CheckSymbolExists.c.o
/usr/bin/cc     -o CMakeFiles/cmTC_415ed.dir/CheckSymbolExists.c.o   -c /home/offworld/Desktop/SFND_Lidar_Obstacle_Detection/src/quiz/ransac/build/CMakeFiles/CMakeTmp/CheckSymbolExists.c
Linking C executable cmTC_415ed
/usr/bin/cmake -E cmake_link_script CMakeFiles/cmTC_415ed.dir/link.txt --verbose=1
/usr/bin/cc       CMakeFiles/cmTC_415ed.dir/CheckSymbolExists.c.o  -o cmTC_415ed -rdynamic 
CMakeFiles/cmTC_415ed.dir/CheckSymbolExists.c.o: In function `main':
CheckSymbolExists.c:(.text+0x16): undefined reference to `pthread_create'
collect2: error: ld returned 1 exit status
CMakeFiles/cmTC_415ed.dir/build.make:97: recipe for target 'cmTC_415ed' failed
make[1]: *** [cmTC_415ed] Error 1
make[1]: Leaving directory '/home/offworld/Desktop/SFND_Lidar_Obstacle_Detection/src/quiz/ransac/build/CMakeFiles/CMakeTmp'
Makefile:126: recipe for target 'cmTC_415ed/fast' failed
make: *** [cmTC_415ed/fast] Error 2

File /home/offworld/Desktop/SFND_Lidar_Obstacle_Detection/src/quiz/ransac/build/CMakeFiles/CMakeTmp/CheckSymbolExists.c:
/* */
#include <pthread.h>

int main(int argc, char** argv)
{
  (void)argv;
#ifndef pthread_create
  return ((int*)(&pthread_create))[argc];
#else
  (void)argc;
  return 0;
#endif
}

Determining if the function pthread_create exists in the pthreads failed with the following output:
Change Dir: /home/offworld/Desktop/SFND_Lidar_Obstacle_Detection/src/quiz/ransac/build/CMakeFiles/CMakeTmp

Run Build Command:"/usr/bin/make" "cmTC_dffa9/fast"
/usr/bin/make -f CMakeFiles/cmTC_dffa9.dir/build.make CMakeFiles/cmTC_dffa9.dir/build
make[1]: Entering directory '/home/offworld/Desktop/SFND_Lidar_Obstacle_Detection/src/quiz/ransac/build/CMakeFiles/CMakeTmp'
Building C object CMakeFiles/cmTC_dffa9.dir/CheckFunctionExists.c.o
/usr/bin/cc    -DCHECK_FUNCTION_EXISTS=pthread_create   -o CMakeFiles/cmTC_dffa9.dir/CheckFunctionExists.c.o   -c /usr/share/cmake-3.5/Modules/CheckFunctionExists.c
Linking C executable cmTC_dffa9
/usr/bin/cmake -E cmake_link_script CMakeFiles/cmTC_dffa9.dir/link.txt --verbose=1
/usr/bin/cc   -DCHECK_FUNCTION_EXISTS=pthread_create    CMakeFiles/cmTC_dffa9.dir/CheckFunctionExists.c.o  -o cmTC_dffa9 -rdynamic -lpthreads 
/usr/bin/ld: cannot find -lpthreads
collect2: error: ld returned 1 exit status
CMakeFiles/cmTC_dffa9.dir/build.make:97: recipe for target 'cmTC_dffa9' failed
make[1]: *** [cmTC_dffa9] Error 1
make[1]: Leaving directory '/home/offworld/Desktop/SFND_Lidar_Obstacle_Detection/src/quiz/ransac/build/CMakeFiles/CMakeTmp'
Makefile:126: recipe for target 'cmTC_dffa9/fast' failed
make: *** [cmTC_dffa9/fast] Error 2


